<?xml version="1.0" encoding="UTF-8"?>
<!-- Generated by org.testng.reporters.JUnitReportReporter -->
<testsuite skipped="0" hostname="DESKTOP-2I33U4L" name="com.training.sanity.tests.LoginTests" tests="1" failures="0" timestamp="20 Nov 2019 04:29:29 GMT" time="37.524" errors="0">
  <testcase name="validLoginTest" time="37.524" classname="com.training.sanity.tests.LoginTests"/>
</testsuite> <!-- com.training.sanity.tests.LoginTests -->
