<?xml version="1.0" encoding="UTF-8"?>
<!-- Generated by org.testng.reporters.JUnitReportReporter -->
<testsuite skipped="0" hostname="DESKTOP-2I33U4L" name="com.training.sanity.tests.LoginTests" tests="1" failures="0" timestamp="22 Nov 2019 06:12:01 GMT" time="55.267" errors="0">
  <testcase name="MediunTestCAse2" time="55.267" classname="com.training.sanity.tests.LoginTests"/>
</testsuite> <!-- com.training.sanity.tests.LoginTests -->
